
synthesis -f "IIR_2_impl1_lattice.synproj"
synthesis:  version Diamond (64-bit) 3.13.0.56.2

Copyright (c) 1991-1994 by NeoCAD Inc. All rights reserved.
Copyright (c) 1995 AT&T Corp.   All rights reserved.
Copyright (c) 1995-2001 Lucent Technologies Inc.  All rights reserved.
Copyright (c) 2001 Agere Systems   All rights reserved.
Copyright (c) 2002-2023 Lattice Semiconductor Corporation,  All rights reserved.
Tue Jul 29 18:25:48 2025


Command Line:  synthesis -f IIR_2_impl1_lattice.synproj -gui 

    <postMsg mid="35002000" type="Info"    dynamic="0" navigation="0"  />
Synthesis options:
The -a option is MachXO2.
The -s option is 4.
The -t option is CSBGA132.
The -d option is LCMXO2-4000HC.
Using package CSBGA132.
Using performance grade 4.
                                                          

##########################################################

### Lattice Family : MachXO2

### Device  : LCMXO2-4000HC

### Package : CSBGA132

### Speed   : 4

##########################################################

                                                          

    <postMsg mid="35001781" type="Info"    dynamic="0" navigation="0"  />
Optimization goal = Balanced
The -top option is not used.
Target frequency = 200.000000 MHz.
Maximum fanout = 1000.
Timing path count = 3
BRAM utilization = 100.000000 %
DSP usage = true
DSP utilization = 100.000000 %
fsm_encoding_style = auto
resolve_mixed_drivers = 0
fix_gated_clocks = 1

Mux style = Auto
Use Carry Chain = true
carry_chain_length = 0
Loop Limit = 1950.
Use IO Insertion = TRUE
Use IO Reg = AUTO

Resource Sharing = TRUE
Propagate Constants = TRUE
Remove Duplicate Registers = TRUE
force_gsr = auto
ROM style = auto
RAM style = auto
The -comp option is FALSE.
The -syn option is FALSE.
-p D:/CodeField/Verilog/Diamond_design/IIR_2 (searchpath added)
-p D:/Program/Diamond/diamond/3.13/ispfpga/xo2c00/data (searchpath added)
-p D:/CodeField/Verilog/Diamond_design/IIR_2/impl1 (searchpath added)
-p D:/CodeField/Verilog/Diamond_design/IIR_2 (searchpath added)
Verilog design file = D:/CodeField/Verilog/Diamond_design/IIR_2/source/IIR.v
NGD file = IIR_2_impl1.ngd
-sdc option: SDC file input not used.
-lpf option: Output file option is ON.
Hardtimer checking is enabled (default). The -dt option is not used.
The -r option is OFF. [ Remove LOC Properties is OFF. ]
    <postMsg mid="35001200" type="Warning" dynamic="1" navigation="0" arg0="IIR"  />
Technology check ok...

Analyzing Verilog file D:/Program/Diamond/diamond/3.13/ispfpga/userware/NT/SYNTHESIS_HEADERS/machxo2.v. VERI-1482
Compile design.
Compile Design Begin
Analyzing Verilog file d:/codefield/verilog/diamond_design/iir_2/source/iir.v. VERI-1482
    <postMsg mid="35901208" type="Warning" dynamic="2" navigation="2" arg0="d:/codefield/verilog/diamond_design/iir_2/source/iir.v(55): " arg1="16" arg2="d:/codefield/verilog/diamond_design/iir_2/source/iir.v" arg3="55"  />
    <postMsg mid="35901875" type="Warning" dynamic="2" navigation="2" arg0="d:/codefield/verilog/diamond_design/iir_2/source/iir.v(75): " arg1="x" arg2="d:/codefield/verilog/diamond_design/iir_2/source/iir.v" arg3="75"  />
Analyzing Verilog file D:/Program/Diamond/diamond/3.13/ispfpga/userware/NT/SYNTHESIS_HEADERS/machxo2.v. VERI-1482
Top module name (Verilog): IIR
    <postMsg mid="35901018" type="Info"    dynamic="2" navigation="2" arg0="d:/codefield/verilog/diamond_design/iir_2/source/iir.v(8): " arg1="IIR" arg2="d:/codefield/verilog/diamond_design/iir_2/source/iir.v" arg3="8"  />
    <postMsg mid="35901209" type="Warning" dynamic="3" navigation="2" arg0="d:/codefield/verilog/diamond_design/iir_2/source/iir.v(90): " arg1="32" arg2="9" arg3="d:/codefield/verilog/diamond_design/iir_2/source/iir.v" arg4="90"  />
Last elaborated design is IIR()
Loading NGL library 'D:/Program/Diamond/diamond/3.13/ispfpga/xo2c00a/data/xo2alib.ngl'...
Loading NGL library 'D:/Program/Diamond/diamond/3.13/ispfpga/xo2c00/data/xo2clib.ngl'...
Loading NGL library 'D:/Program/Diamond/diamond/3.13/ispfpga/mg5g00/data/mg5glib.ngl'...
Loading NGL library 'D:/Program/Diamond/diamond/3.13/ispfpga/or5g00/data/orc5glib.ngl'...
Loading device for application map from file 'xo2c4000.nph' in environment: D:/Program/Diamond/diamond/3.13/ispfpga.
Package Status:                     Final          Version 1.44.
Top-level module name = IIR.
    <postMsg mid="35001747" type="Warning" dynamic="2" navigation="0" arg0="8" arg1="x_d1"  />
    <postMsg mid="35001747" type="Warning" dynamic="2" navigation="0" arg0="8" arg1="x_d2"  />




The number of registers created due to operator pipelining is 30.

    <postMsg mid="35935013" type="Warning" dynamic="2" navigation="2" arg0="d:/codefield/verilog/diamond_design/iir_2/source/iir.v(108): " arg1="x_d1_ret3_i24" arg2="d:/codefield/verilog/diamond_design/iir_2/source/iir.v" arg3="108"  />
GSR instance connected to net rst_n_c.
Applying 200.000000 MHz constraint to all clocks

    <postMsg mid="35001611" type="Warning" dynamic="0" navigation="0"  />
Results of NGD DRC are available in IIR_drc.log.
Loading NGL library 'D:/Program/Diamond/diamond/3.13/ispfpga/xo2c00a/data/xo2alib.ngl'...
Loading NGL library 'D:/Program/Diamond/diamond/3.13/ispfpga/xo2c00/data/xo2clib.ngl'...
Loading NGL library 'D:/Program/Diamond/diamond/3.13/ispfpga/mg5g00/data/mg5glib.ngl'...
Loading NGL library 'D:/Program/Diamond/diamond/3.13/ispfpga/or5g00/data/orc5glib.ngl'...


Running DRC...

DRC complete with no errors or warnings

Design Results:
    475 blocks expanded
completed the first expansion
All blocks are expanded and NGD expansion is successful.
Writing NGD file IIR_2_impl1.ngd.

################### Begin Area Report (IIR)######################
Number of register bits => 74 of 4635 (1 % )
CCU2D => 341
FD1S3AX => 66
FD1S3IX => 8
GSR => 1
IB => 10
LUT4 => 36
OB => 10
################### End Area Report ##################

################### Begin BlackBox Report ######################
TSALL => 1
################### End BlackBox Report ##################

################### Begin Clock Report ######################
Clock Nets
Number of Clocks: 1
  Net : clk_c, loads : 74
Clock Enable Nets
Number of Clock Enables: 0
Top 0 highest fanout Clock Enables:
Highest fanout non-clock nets
Top 10 highest fanout non-clock nets:
  Net : y_d2_8, loads : 24
  Net : y_d2_7, loads : 22
  Net : y_d2_6, loads : 22
  Net : y_d2_5, loads : 22
  Net : y_d2_4, loads : 22
  Net : y_d2_3, loads : 22
  Net : y_d2_2, loads : 22
  Net : y_d2_1, loads : 21
  Net : term_b1_1, loads : 20
  Net : x_d1_c_5, loads : 18
################### End Clock Report ##################

Timing Report Summary
--------------
--------------------------------------------------------------------------------
Constraint                              |   Constraint|       Actual|Levels
--------------------------------------------------------------------------------
                                        |             |             |
create_clock -period 5.000000 -name     |             |             |
clk0 [get_nets clk_c]                   |  200.000 MHz|   49.643 MHz|    21 *
                                        |             |             |
--------------------------------------------------------------------------------


1 constraints not met.


Peak Memory Usage: 77.371  MB

--------------------------------------------------------------
Elapsed CPU time for LSE flow : 0.969  secs
--------------------------------------------------------------

map -a "MachXO2" -p LCMXO2-4000HC -t CSBGA132 -s 4 -oc Commercial   "IIR_2_impl1.ngd" -o "IIR_2_impl1_map.ncd" -pr "IIR_2_impl1.prf" -mp "IIR_2_impl1.mrp" -lpf "D:/CodeField/Verilog/Diamond_design/IIR_2/impl1/IIR_2_impl1.lpf" -lpf "D:/CodeField/Verilog/Diamond_design/IIR_2/IIR_2.lpf"  -c 0           
map:  version Diamond (64-bit) 3.13.0.56.2

Copyright (c) 1991-1994 by NeoCAD Inc. All rights reserved.
Copyright (c) 1995 AT&T Corp.   All rights reserved.
Copyright (c) 1995-2001 Lucent Technologies Inc.  All rights reserved.
Copyright (c) 2001 Agere Systems   All rights reserved.
Copyright (c) 2002-2023 Lattice Semiconductor Corporation,  All rights reserved.
   Process the file: IIR_2_impl1.ngd
   Picdevice="LCMXO2-4000HC"

   Pictype="CSBGA132"

   Picspeed=4

   Remove unused logic

   Do not produce over sized NCDs.

Part used: LCMXO2-4000HCCSBGA132, Performance used: 4.

Loading device for application map from file 'xo2c4000.nph' in environment: D:/Program/Diamond/diamond/3.13/ispfpga.
Package Status:                     Final          Version 1.44.

Running general design DRC...

Removing unused logic...

Optimizing...




Design Summary:
   Number of registers:     74 out of  4635 (2%)
      PFU registers:           74 out of  4320 (2%)
      PIO registers:            0 out of   315 (0%)
   Number of SLICEs:       360 out of  2160 (17%)
      SLICEs as Logic/ROM:    360 out of  2160 (17%)
      SLICEs as RAM:            0 out of  1620 (0%)
      SLICEs as Carry:        341 out of  2160 (16%)
   Number of LUT4s:        718 out of  4320 (17%)
      Number used as logic LUTs:         36
      Number used as distributed RAM:     0
      Number used as ripple logic:      682
      Number used as shift registers:     0
   Number of PIO sites used: 20 + 4(JTAG) out of 105 (23%)
   Number of block RAMs:  0 out of 10 (0%)
   Number of GSRs:        1 out of 1 (100%)
   EFB used :        No
   JTAG used :       No
   Readback used :   No
   Oscillator used : No
   Startup used :    No
   POR :             On
   Bandgap :         On
   Number of Power Controller:  0 out of 1 (0%)
   Number of Dynamic Bank Controller (BCINRD):  0 out of 6 (0%)
   Number of Dynamic Bank Controller (BCLVDSO):  0 out of 1 (0%)
   Number of DCCA:  0 out of 8 (0%)
   Number of DCMA:  0 out of 2 (0%)
   Number of PLLs:  0 out of 2 (0%)
   Number of DQSDLLs:  0 out of 2 (0%)
   Number of CLKDIVC:  0 out of 4 (0%)
   Number of ECLKSYNCA:  0 out of 4 (0%)
   Number of ECLKBRIDGECS:  0 out of 2 (0%)
   Notes:-
      1. Total number of LUT4s = (Number of logic LUT4s) + 2*(Number of distributed RAMs) + 2*(Number of ripple logic)
      2. Number of logic LUT4s does not include count of distributed RAM and ripple logic.
   Number of clocks:  1
     Net clk_c: 40 loads, 40 rising, 0 falling (Driver: PIO clk )
   Number of Clock Enables:  0
   Number of LSRs:  1
     Net n1405: 5 loads, 5 LSLICEs
   Number of nets driven by tri-state buffers:  0
   Top 10 highest fanout non-clock nets:
     Net y_d2_8: 24 loads
     Net y_d2_2: 22 loads
     Net y_d2_3: 22 loads
     Net y_d2_4: 22 loads
     Net y_d2_5: 22 loads
     Net y_d2_6: 22 loads
     Net y_d2_7: 22 loads
     Net y_d2_1: 21 loads
     Net term_b1_1: 20 loads
     Net x_d1_c_5: 18 loads
 

   Number of warnings:  0
   Number of errors:    0



Total CPU Time: 0 secs  
Total REAL Time: 0 secs  
Peak Memory Usage: 54 MB

Dumping design to file IIR_2_impl1_map.ncd.

ncd2vdb "IIR_2_impl1_map.ncd" ".vdbs/IIR_2_impl1_map.vdb"

Loading device for application ncd2vdb from file 'xo2c4000.nph' in environment: D:/Program/Diamond/diamond/3.13/ispfpga.

mpartrce -p "IIR_2_impl1.p2t" -f "IIR_2_impl1.p3t" -tf "IIR_2_impl1.pt" "IIR_2_impl1_map.ncd" "IIR_2_impl1.ncd"

---- MParTrce Tool ----
Removing old design directory at request of -rem command line option to this program.
Running par. Please wait . . .

Lattice Place and Route Report for Design "IIR_2_impl1_map.ncd"
Tue Jul 29 18:25:52 2025

PAR: Place And Route Diamond (64-bit) 3.13.0.56.2.
Command Line: par -w -l 5 -i 6 -t 1 -c 0 -e 0 -gui -exp parUseNBR=1:parCDP=0:parCDR=0:parPathBased=OFF:parASE=1 IIR_2_impl1_map.ncd IIR_2_impl1.dir/5_1.ncd IIR_2_impl1.prf
Preference file: IIR_2_impl1.prf.
Placement level-cost: 5-1.
Routing Iterations: 6

Loading design for application par from file IIR_2_impl1_map.ncd.
Design name: IIR
NCD version: 3.3
Vendor:      LATTICE
Device:      LCMXO2-4000HC
Package:     CSBGA132
Performance: 4
Loading device for application par from file 'xo2c4000.nph' in environment: D:/Program/Diamond/diamond/3.13/ispfpga.
Package Status:                     Final          Version 1.44.
Performance Hardware Data Status:   Final          Version 34.4.
License checked out.


Ignore Preference Error(s):  True
Device utilization summary:

   PIO (prelim)   20+4(JTAG)/280     9% used
                  20+4(JTAG)/105     23% bonded

   SLICE            360/2160         16% used

   GSR                1/1           100% used


Number of Signals: 998
Number of Connections: 1424

Pin Constraint Summary:
   20 out of 20 pins locked (100% locked).

The following 1 signal is selected to use the primary clock routing resources:
    clk_c (driver: clk, clk load #: 40)

    <postMsg mid="61061008" type="Warning" dynamic="5" navigation="0" arg0="clk_c" arg1="Primary" arg2="clk" arg3="C1" arg4="Primary"  />

No signal is selected as secondary clock.

Signal rst_n_c is selected as Global Set/Reset.
Starting Placer Phase 0.
...........
Finished Placer Phase 0.  REAL time: 0 secs 

Starting Placer Phase 1.
..................
Placer score = 103996.
Finished Placer Phase 1.  REAL time: 2 secs 

Starting Placer Phase 2.
.
Placer score =  102537
Finished Placer Phase 2.  REAL time: 2 secs 


------------------ Clock Report ------------------

Global Clock Resources:
  CLK_PIN    : 0 out of 8 (0%)
  General PIO: 1 out of 280 (0%)
  PLL        : 0 out of 2 (0%)
  DCM        : 0 out of 2 (0%)
  DCC        : 0 out of 8 (0%)

Global Clocks:
  PRIMARY "clk_c" from comp "clk" on PIO site "C1 (PL4A)", clk load = 40

  PRIMARY  : 1 out of 8 (12%)
  SECONDARY: 0 out of 8 (0%)

Edge Clocks:
  No edge clock selected.

--------------- End of Clock Report ---------------


I/O Usage Summary (final):
   20 + 4(JTAG) out of 280 (8.6%) PIO sites used.
   20 + 4(JTAG) out of 105 (22.9%) bonded PIO sites used.
   Number of PIO comps: 20; differential: 0.
   Number of Vref pins used: 0.

I/O Bank Usage Summary:
+----------+----------------+------------+-----------+
| I/O Bank | Usage          | Bank Vccio | Bank Vref |
+----------+----------------+------------+-----------+
| 0        | 0 / 26 (  0%)  | -          | -         |
| 1        | 10 / 26 ( 38%) | 2.5V       | -         |
| 2        | 3 / 28 ( 10%)  | 2.5V       | -         |
| 3        | 4 / 7 ( 57%)   | 2.5V       | -         |
| 4        | 2 / 8 ( 25%)   | 2.5V       | -         |
| 5        | 1 / 10 ( 10%)  | 2.5V       | -         |
+----------+----------------+------------+-----------+

Total placer CPU time: 2 secs 

Dumping design to file IIR_2_impl1.dir/5_1.ncd.


-----------------------------------------------------------------
INFO - par: ASE feature is off due to non timing-driven settings.  
-----------------------------------------------------------------

0 connections routed; 1424 unrouted.
Starting router resource preassignment

Completed router resource preassignment. Real time: 3 secs 

Start NBR router at 18:25:55 07/29/25

*****************************************************************
Info: NBR allows conflicts(one node used by more than one signal)
      in the earlier iterations. In each iteration, it tries to  
      solve the conflicts while keeping the critical connections 
      routed as short as possible. The routing process is said to
      be completed when no conflicts exist and all connections   
      are routed.                                                
Note: NBR uses a different method to calculate timing slacks. The
      worst slack and total negative slack may not be the same as
      that in TRCE report. You should always run TRCE to verify  
      your design.                                               
*****************************************************************

Start NBR special constraint process at 18:25:55 07/29/25

Start NBR section for initial routing at 18:25:55 07/29/25
Level 4, iteration 1
26(0.01%) conflicts; 0(0.00%) untouched conn; 0 (nbr) score; real time: 3 secs 

Info: Initial congestion level at 75% usage is 0
Info: Initial congestion area  at 75% usage is 0 (0.00%)

Start NBR section for normal routing at 18:25:55 07/29/25
Level 4, iteration 1
7(0.00%) conflicts; 0(0.00%) untouched conn; 0 (nbr) score; real time: 3 secs 
Level 4, iteration 2
4(0.00%) conflicts; 0(0.00%) untouched conn; 0 (nbr) score; real time: 3 secs 
Level 4, iteration 3
0(0.00%) conflict; 0(0.00%) untouched conn; 0 (nbr) score; real time: 3 secs 

Start NBR section for re-routing at 18:25:55 07/29/25
Level 4, iteration 1
0(0.00%) conflict; 0(0.00%) untouched conn; 0 (nbr) score; real time: 3 secs 

Start NBR section for post-routing at 18:25:55 07/29/25

End NBR router with 0 unrouted connection

NBR Summary
-----------
  Number of unrouted connections : 0 (0.00%)
  Number of connections with timing violations : 0 (0.00%)
  Estimated worst slack<setup> : <n/a>
  Timing score<setup> : 0
-----------
Notes: The timing info is calculated for SETUP only and all PAR_ADJs are ignored.



Total CPU time 3 secs 
Total REAL time: 3 secs 
Completely routed.
End of route.  1424 routed (100.00%); 0 unrouted.

Hold time timing score: 0, hold timing errors: 0

Timing score: 0 

Dumping design to file IIR_2_impl1.dir/5_1.ncd.


PAR_SUMMARY::Run status = Completed
PAR_SUMMARY::Number of unrouted conns = 0
PAR_SUMMARY::Worst  slack<setup/<ns>> = <n/a>
PAR_SUMMARY::Timing score<setup/<ns>> = <n/a>
PAR_SUMMARY::Worst  slack<hold /<ns>> = <n/a>
PAR_SUMMARY::Timing score<hold /<ns>> = <n/a>
PAR_SUMMARY::Number of errors = 0

Total CPU  time to completion: 3 secs 
Total REAL time to completion: 3 secs 

par done!

Note: user must run 'Trace' for timing closure signoff.

Copyright (c) 1991-1994 by NeoCAD Inc. All rights reserved.
Copyright (c) 1995 AT&T Corp.   All rights reserved.
Copyright (c) 1995-2001 Lucent Technologies Inc.  All rights reserved.
Copyright (c) 2001 Agere Systems   All rights reserved.
Copyright (c) 2002-2023 Lattice Semiconductor Corporation,  All rights reserved.
Exiting par with exit code 0
Exiting mpartrce with exit code 0

trce -f "IIR_2_impl1.pt" -o "IIR_2_impl1.twr" "IIR_2_impl1.ncd" "IIR_2_impl1.prf"
trce:  version Diamond (64-bit) 3.13.0.56.2

Copyright (c) 1991-1994 by NeoCAD Inc. All rights reserved.
Copyright (c) 1995 AT&T Corp.   All rights reserved.
Copyright (c) 1995-2001 Lucent Technologies Inc.  All rights reserved.
Copyright (c) 2001 Agere Systems   All rights reserved.
Copyright (c) 2002-2023 Lattice Semiconductor Corporation,  All rights reserved.

Loading design for application trce from file iir_2_impl1.ncd.
Design name: IIR
NCD version: 3.3
Vendor:      LATTICE
Device:      LCMXO2-4000HC
Package:     CSBGA132
Performance: 4
Loading device for application trce from file 'xo2c4000.nph' in environment: D:/Program/Diamond/diamond/3.13/ispfpga.
Package Status:                     Final          Version 1.44.
Performance Hardware Data Status:   Final          Version 34.4.
Setup and Hold Report

--------------------------------------------------------------------------------
Lattice TRACE Report - Setup, Version Diamond (64-bit) 3.13.0.56.2
Tue Jul 29 18:25:56 2025

Copyright (c) 1991-1994 by NeoCAD Inc. All rights reserved.
Copyright (c) 1995 AT&T Corp.   All rights reserved.
Copyright (c) 1995-2001 Lucent Technologies Inc.  All rights reserved.
Copyright (c) 2001 Agere Systems   All rights reserved.
Copyright (c) 2002-2023 Lattice Semiconductor Corporation,  All rights reserved.

Report Information
------------------
Command line:    trce -v 10 -gt -sethld -sp 4 -sphld m -o IIR_2_impl1.twr -gui IIR_2_impl1.ncd IIR_2_impl1.prf 
Design file:     iir_2_impl1.ncd
Preference file: iir_2_impl1.prf
Device,speed:    LCMXO2-4000HC,4
Report level:    verbose report, limited to 10 items per preference
--------------------------------------------------------------------------------

Report Type:     based on TRACE automatically generated preferences
BLOCK ASYNCPATHS
BLOCK RESETPATHS
--------------------------------------------------------------------------------



Timing summary (Setup):
---------------

Timing errors: 4096  Score: 56921146
Cumulative negative slack: 56921146

Constraints cover 3345537 paths, 1 nets, and 1028 connections (72.19% coverage)

--------------------------------------------------------------------------------
Lattice TRACE Report - Hold, Version Diamond (64-bit) 3.13.0.56.2
Tue Jul 29 18:25:56 2025

Copyright (c) 1991-1994 by NeoCAD Inc. All rights reserved.
Copyright (c) 1995 AT&T Corp.   All rights reserved.
Copyright (c) 1995-2001 Lucent Technologies Inc.  All rights reserved.
Copyright (c) 2001 Agere Systems   All rights reserved.
Copyright (c) 2002-2023 Lattice Semiconductor Corporation,  All rights reserved.

Report Information
------------------
Command line:    trce -v 10 -gt -sethld -sp 4 -sphld m -o IIR_2_impl1.twr -gui IIR_2_impl1.ncd IIR_2_impl1.prf 
Design file:     iir_2_impl1.ncd
Preference file: iir_2_impl1.prf
Device,speed:    LCMXO2-4000HC,m
Report level:    verbose report, limited to 10 items per preference
--------------------------------------------------------------------------------

BLOCK ASYNCPATHS
BLOCK RESETPATHS
--------------------------------------------------------------------------------



Timing summary (Hold):
---------------

Timing errors: 0  Score: 0
Cumulative negative slack: 0

Constraints cover 3345537 paths, 1 nets, and 1028 connections (72.19% coverage)



Timing summary (Setup and Hold):
---------------

Timing errors: 4096 (setup), 0 (hold)
Score: 56921146 (setup), 0 (hold)
Cumulative negative slack: 56921146 (56921146+0)
--------------------------------------------------------------------------------

--------------------------------------------------------------------------------

Total CPU Time: 0 secs 
Total REAL Time: 0 secs 
Peak Memory Usage: 66 MB


tmcheck -par "IIR_2_impl1.par" 

bitgen -f "IIR_2_impl1.t2b" -w "IIR_2_impl1.ncd"  -jedec "IIR_2_impl1.prf"


BITGEN: Bitstream Generator Diamond (64-bit) 3.13.0.56.2
Copyright (c) 1991-1994 by NeoCAD Inc. All rights reserved.
Copyright (c) 1995 AT&T Corp.   All rights reserved.
Copyright (c) 1995-2001 Lucent Technologies Inc.  All rights reserved.
Copyright (c) 2001 Agere Systems   All rights reserved.
Copyright (c) 2002-2023 Lattice Semiconductor Corporation,  All rights reserved.


Loading design for application Bitgen from file IIR_2_impl1.ncd.
Design name: IIR
NCD version: 3.3
Vendor:      LATTICE
Device:      LCMXO2-4000HC
Package:     CSBGA132
Performance: 4
Loading device for application Bitgen from file 'xo2c4000.nph' in environment: D:/Program/Diamond/diamond/3.13/ispfpga.
Package Status:                     Final          Version 1.44.
Performance Hardware Data Status:   Final          Version 34.4.

Running DRC.
DRC detected 0 errors and 0 warnings.
Reading Preference File from IIR_2_impl1.prf.
    <postMsg mid="1009992" type="Info"    dynamic="1" navigation="0" arg0=" SW_XO3D_SECURITY_ENCRYPTION *NOT* controlled by xo2c00.acd ###"  />
    <postMsg mid="1009992" type="Info"    dynamic="1" navigation="0" arg0=" SW_XO3D_SECURITY_ENCRYPTION license_securityIP OK"  />

Preference Summary:
+---------------------------------+---------------------------------+
|  Preference                     |  Current Setting                |
+---------------------------------+---------------------------------+
|                         RamCfg  |                        Reset**  |
+---------------------------------+---------------------------------+
|                     MCCLK_FREQ  |                         2.08**  |
+---------------------------------+---------------------------------+
|                  CONFIG_SECURE  |                          OFF**  |
+---------------------------------+---------------------------------+
|                          INBUF  |                           ON**  |
+---------------------------------+---------------------------------+
|                      JTAG_PORT  |                       ENABLE**  |
+---------------------------------+---------------------------------+
|                       SDM_PORT  |                      DISABLE**  |
+---------------------------------+---------------------------------+
|                 SLAVE_SPI_PORT  |                      DISABLE**  |
+---------------------------------+---------------------------------+
|                MASTER_SPI_PORT  |                      DISABLE**  |
+---------------------------------+---------------------------------+
|                       I2C_PORT  |                      DISABLE**  |
+---------------------------------+---------------------------------+
|        MUX_CONFIGURATION_PORTS  |                      DISABLE**  |
+---------------------------------+---------------------------------+
|                  CONFIGURATION  |                          CFG**  |
+---------------------------------+---------------------------------+
|                COMPRESS_CONFIG  |                           ON**  |
+---------------------------------+---------------------------------+
|                        MY_ASSP  |                          OFF**  |
+---------------------------------+---------------------------------+
|               ONE_TIME_PROGRAM  |                          OFF**  |
+---------------------------------+---------------------------------+
|                 ENABLE_TRANSFR  |                      DISABLE**  |
+---------------------------------+---------------------------------+
|                  SHAREDEBRINIT  |                      DISABLE**  |
+---------------------------------+---------------------------------+
|            BACKGROUND_RECONFIG  |                          OFF**  |
+---------------------------------+---------------------------------+
 *  Default setting.
 ** The specified setting matches the default setting.


Creating bit map...
 
Bitstream Status: Final           Version 1.95.
 
Saving bit stream in "IIR_2_impl1.jed".
 
===========
UFM Summary.
===========
UFM Size:        767 Pages (128*767 Bits).
UFM Utilization: General Purpose Flash Memory.
 
Available General Purpose Flash Memory:  767 Pages (Page 0 to Page 766).
Initialized UFM Pages:                     0 Page.
 
=========
Padding summary
=========
Padded 667264 bits for this design


Total CPU Time: 2 secs 
Total REAL Time: 2 secs 
Peak Memory Usage: 276 MB
